c:\users\18251\desktop\外卖系统\debug\vc143.pdb
c:\users\18251\desktop\外卖系统\debug\vc143.idb
c:\users\18251\desktop\外卖系统\debug\systemmap.obj
c:\users\18251\desktop\外卖系统\debug\menu.obj
c:\users\18251\desktop\外卖系统\debug\main.obj
c:\users\18251\desktop\外卖系统\debug\food.obj
c:\users\18251\desktop\外卖系统\debug\coustmanager.obj
c:\users\18251\desktop\外卖系统\debug\clientmanager.obj
c:\users\18251\desktop\外卖系统\debug\client.obj
c:\users\18251\desktop\外卖系统\debug\adminmanager.obj
c:\users\18251\desktop\外卖系统\debug\admin.obj
c:\users\18251\desktop\外卖系统\debug\外卖系统.exe
c:\users\18251\desktop\外卖系统\debug\外卖系统.ilk
c:\users\18251\desktop\外卖系统\debug\外卖系统.pdb
c:\users\18251\desktop\外卖系统\debug\外卖系统.tlog\cl.command.1.tlog
c:\users\18251\desktop\外卖系统\debug\外卖系统.tlog\cl.read.1.tlog
c:\users\18251\desktop\外卖系统\debug\外卖系统.tlog\cl.write.1.tlog
c:\users\18251\desktop\外卖系统\debug\外卖系统.tlog\link.command.1.tlog
c:\users\18251\desktop\外卖系统\debug\外卖系统.tlog\link.read.1.tlog
c:\users\18251\desktop\外卖系统\debug\外卖系统.tlog\link.write.1.tlog
